0 a' 1
1 a' 0
2 a' 1
3 a' 1
4 a' 0
5 a' 0
6 a' 0
7 a' 1
8 a' 1
9 a' 0
10 a' 0
11 a 0
12 a 1
13 a 0
14 a 1
15 a 0
16 a 0
17 a 0
18 a 0
19 a 0
20 a 1
21 a 0
22 a 1
23 a 0
24 a 1
25 a 1
26 a 1
27 a 1
28 a 1
29 a 0
30 a 0
31 a 0
32 a 0
33 a' 0
34 a' 1
35 a' 0
36 a' 0
37 a' 0
38 a' 0
39 a' 1
40 a' 1
41 a' 0
42 a' 0
43 a' 1
44 a' 0
45 a' 0
46 a' 1
47 a' 1
48 a' 0
49 a' 1
50 a' 1
51 a' 1
52 a' 0
53 a' 0
54 a' 1
55 a 0
56 a 1
57 a 0
58 a 1
59 a 0
60 a 1
61 a 1
62 a 1
63 a 1
64 a 0
65 a 1
66 a' 0
67 a' 1
68 a' 0
69 a' 1
70 a' 0
71 a' 0
72 a' 1
73 a' 1
74 a' 1
75 a' 0
76 a' 1
77 a 1
78 a 0
79 a 1
80 a 0
81 a 1
82 a 0
83 a 0
84 a 0
85 a 0
86 a 0
87 a 0
88 a 1
89 a 0
90 a 1
91 a 0
92 a 0
93 a 1
94 a 0
95 a 1
96 a 1
97 a 0
98 a 0
99 a' 1
100 a' 1
101 a' 1
102 a' 1
103 a' 1
104 a' 0
105 a' 1
106 a' 1
107 a' 0
108 a' 0
109 a' 1
110 a 0
111 a 0
112 a 0
113 a 1
114 a 0
115 a 0
116 a 1
117 a 0
118 a 1
119 a 1
120 a 1
121 a' 1
122 a' 0
123 a' 0
124 a' 0
125 a' 0
126 a' 0
127 a' 0
128 a' 1
129 a' 1
130 a' 1
131 a' 1
132 a' 0
133 a' 0
134 a' 1
135 a' 0
136 a' 1
137 a' 1
138 a' 0
139 a' 1
140 a' 0
141 a' 1
142 a' 1
143 a 1
144 a 0
145 a 1
146 a 0
147 a 1
148 a 0
149 a 0
150 a 1
151 a 1
152 a 0
153 a 0
154 a 0
155 a 0
156 a 1
157 a 1
158 a 1
159 a 0
160 a 1
161 a 0
162 a 0
163 a 1
164 a 0
165 a' 0
166 a' 0
167 a' 1
168 a' 0
169 a' 1
170 a' 1
171 a' 0
172 a' 0
173 a' 1
174 a' 1
175 a' 1
176 a' 1
177 a' 0
178 a' 1
179 a' 1
180 a' 1
181 a' 1
182 a' 0
183 a' 0
184 a' 1
185 a' 0
186 a' 1
187 a 0
188 a 0
189 a 0
190 a 0
191 a 1
192 a 1
193 a 0
194 a 0
195 a 0
196 a 0
197 a 1
198 a 1
199 a 0
200 a 0
201 a 0
202 a 0
203 a 0
204 a 1
205 a 1
206 a 0
207 a 1
208 a 1
209 a 1
210 a 0
211 a 1
212 a 1
213 a 1
214 a 0
215 a 1
216 a 1
217 a 0
218 a 1
219 a 1
220 a 0
221 a 1
222 a 0
223 a 0
224 a 0
225 a 0
226 a 1
227 a 0
228 a 1
229 a 0
230 a 0
231 a' 1
232 a' 1
233 a' 0
234 a' 1
235 a' 0
236 a' 0
237 a' 1
238 a' 0
239 a' 1
240 a' 1
241 a' 1
242 a 0
243 a 0
244 a 1
245 a 1
246 a 0
247 a 1
248 a 0
249 a 0
250 a 0
251 a 1
252 a 1
253 a 1
254 a 1
255 a 1
256 a 0
257 a 1
258 a 1
259 a 0
260 a 0
261 a 0
262 a 1
263 a 0
264 a' 1
265 a' 0
266 a' 0
267 a' 0
268 a' 1
269 a' 1
270 a' 1
271 a' 1
272 a' 1
273 a' 1
274 a' 1
275 a 1
276 a 1
277 a 1
278 a 1
279 a 1
280 a 1
281 a 1
282 a 1
283 a 0
284 a 0
285 a 0
286 a' 0
287 a' 1
288 a' 1
289 a' 1
290 a' 0
291 a' 1
292 a' 1
293 a' 0
294 a' 1
295 a' 0
296 a' 1
297 a 0
298 a 1
299 a 0
300 a 0
301 a 0
302 a 1
303 a 0
304 a 0
305 a 1
306 a 1
307 a 0
308 a' 1
309 a' 0
310 a' 0
311 a' 0
312 a' 0
313 a' 1
314 a' 1
315 a' 1
316 a' 0
317 a' 1
318 a' 1
319 a 0
320 a 0
321 a 1
322 a 1
323 a 1
324 a 0
325 a 0
326 a 0
327 a 0
328 a 0
329 a 0
330 a' 1
331 a' 1
332 a' 0
333 a' 1
334 a' 1
335 a' 1
336 a' 0
337 a' 0
338 a' 1
339 a' 0
340 a' 1
341 a' 1
342 a' 0
343 a' 1
344 a' 1
345 a' 1
346 a' 0
347 a' 0
348 a' 1
349 a' 1
350 a' 1
351 a' 1
352 a' 0
353 a' 1
354 a' 1
355 a' 0
356 a' 1
357 a' 1
358 a' 0
359 a' 1
360 a' 1
361 a' 1
362 a' 1
363 a 0
364 a 0
365 a 0
366 a 1
367 a 1
368 a 0
369 a 1
370 a 0
371 a 0
372 a 0
373 a 1
374 a 0
375 a 1
376 a 0
377 a 0
378 a 1
379 a 1
380 a 0
381 a 1
382 a 0
383 a 1
384 a 0
385 a' 1
386 a' 1
387 a' 1
388 a' 1
389 a' 1
390 a' 1
391 a' 1
392 a' 1
393 a' 1
394 a' 1
395 a' 0
396 a 1
397 a 0
398 a 1
399 a 1
400 a 0
401 a 0
402 a 0
403 a 0
404 a 1
405 a 0
406 a 0
407 a 0
408 a 0
409 a 0
410 a 0
411 a 1
412 a 0
413 a 1
414 a 1
415 a 1
416 a 1
417 a 1
418 a 0
419 a 1
420 a 0
421 a 1
422 a 1
423 a 1
424 a 1
425 a 0
426 a 0
427 a 0
428 a 1
429 a 0
430 a 1
431 a 1
432 a 0
433 a 0
434 a 0
435 a 0
436 a 1
437 a 0
438 a 1
439 a 1
440 a 0
441 a 1
442 a 1
443 a 0
444 a 1
445 a 0
446 a 0
447 a 0
448 a 0
449 a 1
450 a 1
451 a' 1
452 a' 1
453 a' 1
454 a' 1
455 a' 0
456 a' 1
457 a' 1
458 a' 1
459 a' 0
460 a' 1
461 a' 1
462 a' 0
463 a' 1
464 a' 1
465 a' 0
466 a' 1
467 a' 0
468 a' 0
469 a' 1
470 a' 0
471 a' 0
472 a' 1
473 a' 1
474 a' 1
475 a' 1
476 a' 1
477 a' 0
478 a' 1
479 a' 0
480 a' 1
481 a' 1
482 a' 1
483 a' 1
484 a' 0
485 a' 1
486 a' 0
487 a' 1
488 a' 0
489 a' 1
490 a' 0
491 a' 0
492 a' 1
493 a' 1
494 a' 0
495 a' 1
496 a' 1
497 a' 0
498 a' 0
499 a' 0
500 a' 0
501 a' 1
502 a' 1
503 a' 0
504 a' 0
505 a' 0
506 a' 1
507 a' 1
508 a' 1
509 a' 1
510 a' 1
511 a' 0
512 a' 0
513 a' 1
514 a' 1
515 a' 1
516 a' 0
517 a' 0
518 a' 0
519 a' 1
520 a' 1
521 a' 1
522 a' 0
523 a' 1
524 a' 1
525 a' 1
526 a' 0
527 a' 1
528 a 0
529 a 1
530 a 0
531 a 1
532 a 0
533 a 1
534 a 1
535 a 1
536 a 0
537 a 0
538 a 1
539 a 0
540 a 0
541 a 1
542 a 0
543 a 1
544 a 1
545 a 0
546 a 0
547 a 0
548 a 1
549 a 0
550 a 0
551 a 1
552 a 0
553 a 1
554 a 0
555 a 0
556 a 0
557 a 1
558 a 0
559 a 0
560 a 1
561 a 1
562 a 0
563 a 1
564 a 0
565 a 0
566 a 1
567 a 1
568 a 0
569 a 0
570 a 0
571 a 0
572 a' 0
573 a' 1
574 a' 0
575 a' 1
576 a' 1
577 a' 0
578 a' 1
579 a' 1
580 a' 1
581 a' 1
582 a' 1
583 a 1
584 a 1
585 a 0
586 a 1
587 a 0
588 a 0
589 a 1
590 a 1
591 a 1
592 a 1
593 a 0
594 a' 1
595 a' 0
596 a' 0
597 a' 0
598 a' 0
599 a' 1
600 a' 1
601 a' 0
602 a' 0
603 a' 0
604 a' 1
605 a' 0
606 a' 0
607 a' 0
608 a' 0
609 a' 1
610 a' 1
611 a' 1
612 a' 0
613 a' 0
614 a' 0
615 a' 0
616 a' 0
617 a' 0
618 a' 0
619 a' 0
620 a' 0
621 a' 1
622 a' 1
623 a' 1
624 a' 1
625 a' 0
626 a' 0
627 a' 1
628 a' 0
629 a' 0
630 a' 0
631 a' 0
632 a' 0
633 a' 0
634 a' 0
635 a' 1
636 a' 1
637 a' 1
638 a' 1
639 a' 1
640 a' 1
641 a' 0
642 a' 0
643 a' 1
644 a' 0
645 a' 1
646 a' 0
647 a' 0
648 a' 0
649 a' 1
650 a' 1
651 a' 0
652 a' 0
653 a' 1
654 a' 1
655 a' 0
656 a' 0
657 a' 0
658 a' 1
659 a' 1
660 a 0
661 a 1
662 a 0
663 a 0
664 a 0
665 a 1
666 a 1
667 a 0
668 a 1
669 a 0
670 a 1
671 a 0
672 a 0
673 a 0
674 a 1
675 a 0
676 a 0
677 a 1
678 a 1
679 a 0
680 a 1
681 a 0
682 a' 1
683 a' 1
684 a' 0
685 a' 0
686 a' 1
687 a' 1
688 a' 1
689 a' 0
690 a' 1
691 a' 1
692 a' 0
693 a 1
694 a 1
695 a 0
696 a 1
697 a 0
698 a 0
699 a 0
700 a 1
701 a 1
702 a 0
703 a 0
704 a 1
705 a 1
706 a 1
707 a 0
708 a 1
709 a 0
710 a 0
711 a 0
712 a 1
713 a 1
714 a 0
715 a 1
716 a 1
717 a 0
718 a 0
719 a 0
720 a 1
721 a 1
722 a 0
723 a 1
724 a 1
725 a 1
726 a' 0
727 a' 1
728 a' 1
729 a' 1
730 a' 1
731 a' 1
732 a' 1
733 a' 0
734 a' 0
735 a' 0
736 a' 0
737 a' 1
738 a' 0
739 a' 1
740 a' 1
741 a' 1
742 a' 0
743 a' 1
744 a' 1
745 a' 1
746 a' 0
747 a' 1
748 a 1
749 a 1
750 a 1
751 a 1
752 a 0
753 a 0
754 a 1
755 a 0
756 a 0
757 a 0
758 a 0
759 a' 0
760 a' 1
761 a' 1
762 a' 1
763 a' 1
764 a' 1
765 a' 1
766 a' 1
767 a' 0
768 a' 1
769 a' 1
770 a 0
771 a 1
772 a 1
773 a 0
774 a 0
775 a 1
776 a 0
777 a 1
778 a 0
779 a 1
780 a 0
781 a' 0
782 a' 0
783 a' 0
784 a' 0
785 a' 0
786 a' 1
787 a' 1
788 a' 0
789 a' 0
790 a' 1
791 a' 1
792 a' 0
793 a' 0
794 a' 1
795 a' 0
796 a' 0
797 a' 0
798 a' 0
799 a' 0
800 a' 0
801 a' 1
802 a' 0
803 a 0
804 a 0
805 a 1
806 a 0
807 a 1
808 a 0
809 a 0
810 a 1
811 a 0
812 a 1
813 a 1
814 a 1
815 a 0
816 a 0
817 a 0
818 a 1
819 a 1
820 a 1
821 a 0
822 a 1
823 a 1
824 a 1
825 a' 0
826 a' 0
827 a' 1
828 a' 1
829 a' 0
830 a' 1
831 a' 1
832 a' 1
833 a' 0
834 a' 0
835 a' 0
836 a' 1
837 a' 1
838 a' 1
839 a' 1
840 a' 0
841 a' 1
842 a' 0
843 a' 1
844 a' 1
845 a' 1
846 a' 1
847 a 0
848 a 0
849 a 1
850 a 1
851 a 1
852 a 1
853 a 0
854 a 1
855 a 1
856 a 1
857 a 1
858 a' 1
859 a' 0
860 a' 0
861 a' 1
862 a' 0
863 a' 0
864 a' 0
865 a' 1
866 a' 1
867 a' 0
868 a' 1
869 a' 0
870 a' 1
871 a' 1
872 a' 0
873 a' 0
874 a' 1
875 a' 1
876 a' 1
877 a' 1
878 a' 0
879 a' 0
880 a 1
881 a 0
882 a 1
883 a 0
884 a 1
885 a 0
886 a 1
887 a 0
888 a 0
889 a 0
890 a 0
891 a' 0
892 a' 0
893 a' 1
894 a' 0
895 a' 0
896 a' 0
897 a' 1
898 a' 0
899 a' 1
900 a' 0
901 a' 0
902 a' 1
903 a' 1
904 a' 0
905 a' 0
906 a' 1
907 a' 0
908 a' 1
909 a' 1
910 a' 1
911 a' 0
912 a' 0
913 a 0
914 a 1
915 a 0
916 a 1
917 a 1
918 a 0
919 a 0
920 a 1
921 a 0
922 a 0
923 a 1
924 a' 0
925 a' 0
926 a' 1
927 a' 0
928 a' 0
929 a' 1
930 a' 1
931 a' 0
932 a' 0
933 a' 1
934 a' 0
935 a' 1
936 a' 1
937 a' 0
938 a' 1
939 a' 1
940 a' 0
941 a' 1
942 a' 1
943 a' 0
944 a' 0
945 a' 0
946 a 0
947 a 1
948 a 0
949 a 0
950 a 0
951 a 0
952 a 0
953 a 1
954 a 0
955 a 0
956 a 0
957 a' 0
958 a' 1
959 a' 1
960 a' 0
961 a' 1
962 a' 1
963 a' 0
964 a' 0
965 a' 0
966 a' 0
967 a' 1
968 a' 0
969 a' 1
970 a' 1
971 a' 1
972 a' 1
973 a' 1
974 a' 1
975 a' 0
976 a' 0
977 a' 1
978 a' 1
979 a' 0
980 a' 0
981 a' 1
982 a' 0
983 a' 0
984 a' 0
985 a' 1
986 a' 0
987 a' 0
988 a' 1
989 a' 1
990 a 0
991 a 0
992 a 0
993 a 0
994 a 0
995 a 1
996 a 0
997 a 0
998 a 0
999 a 1
