0 b' 1
1 b 0
2 b' 1
3 b 0
4 b 0
5 b' 1
6 b' 1
7 b 0
8 b' 0
9 b' 0
10 b' 0
11 b 0
12 b' 0
13 b 0
14 b 0
15 b 0
16 b' 0
17 b 0
18 b' 1
19 b 0
20 b' 0
21 b 0
22 b 0
23 b 0
24 b' 0
25 b 0
26 b' 1
27 b 0
28 b 0
29 b' 1
30 b 0
31 b' 1
32 b 0
33 b' 1
34 b' 1
35 b 0
36 b' 0
37 b' 1
38 b 0
39 b 0
40 b' 1
41 b' 1
42 b' 0
43 b 0
44 b 0
45 b 0
46 b' 0
47 b 0
48 b' 0
49 b' 1
50 b' 0
51 b' 0
52 b 0
53 b' 0
54 b 0
55 b 0
56 b 0
57 b 0
58 b 0
59 b' 0
60 b' 1
61 b' 1
62 b' 1
63 b 0
64 b 0
65 b' 1
66 b 0
67 b' 0
68 b' 1
69 b 0
70 b 0
71 b' 1
72 b' 0
73 b' 0
74 b' 0
75 b 0
76 b' 1
77 b' 1
78 b' 1
79 b' 1
80 b 0
81 b 0
82 b' 0
83 b' 0
84 b 0
85 b' 0
86 b' 0
87 b' 1
88 b 0
89 b 0
90 b' 1
91 b' 1
92 b' 0
93 b 0
94 b 0
95 b' 1
96 b' 0
97 b' 1
98 b 0
99 b 0
100 b 0
101 b' 1
102 b' 0
103 b 0
104 b' 0
105 b' 0
106 b 0
107 b' 1
108 b' 1
109 b' 0
110 b 0
111 b 0
112 b 0
113 b' 1
114 b 0
115 b' 1
116 b 0
117 b' 0
118 b' 0
119 b' 1
120 b' 1
121 b 0
122 b' 0
123 b' 0
124 b' 0
125 b 0
126 b 0
127 b 0
128 b 0
129 b 0
130 b' 0
131 b' 0
132 b 0
133 b' 0
134 b' 0
135 b 0
136 b 0
137 b 0
138 b 0
139 b' 1
140 b 0
141 b' 0
142 b 0
143 b 0
144 b 0
145 b' 1
146 b 0
147 b' 0
148 b 0
149 b 0
150 b' 0
151 b 0
152 b 0
153 b' 1
154 b' 0
155 b 0
156 b 0
157 b' 0
158 b 0
159 b 0
160 b 0
161 b 0
162 b' 0
163 b' 1
164 b' 0
165 b' 0
166 b 0
167 b 0
168 b' 0
169 b 0
170 b 0
171 b 0
172 b 0
173 b' 1
174 b' 0
175 b 0
176 b 0
177 b 0
178 b 0
179 b' 1
180 b' 0
181 b' 1
182 b' 0
183 b' 1
184 b 0
185 b 0
186 b 0
187 b' 0
188 b 0
189 b' 0
190 b' 0
191 b 0
192 b' 1
193 b' 1
194 b 0
195 b' 0
196 b 0
197 b' 0
198 b' 0
199 b' 0
200 b 0
201 b 0
202 b' 1
203 b 0
204 b' 0
205 b 0
206 b 0
207 b' 1
208 b' 1
209 b' 0
210 b 0
211 b 0
212 b 0
213 b' 0
214 b 0
215 b 0
216 b 0
217 b 0
218 b 0
219 b' 0
220 b 0
221 b' 1
222 b' 1
223 b' 0
224 b' 0
225 b' 1
226 b 0
227 b' 1
228 b 0
229 b' 1
230 b 0
231 b 0
232 b 0
233 b' 1
234 b' 1
235 b 0
236 b 0
237 b' 0
238 b' 0
239 b' 1
240 b 0
241 b 0
242 b' 1
243 b 0
244 b 0
245 b 0
246 b' 1
247 b 0
248 b 0
249 b' 1
250 b 0
251 b 0
252 b' 0
253 b' 1
254 b' 0
255 b 0
256 b 0
257 b 0
258 b' 1
259 b' 1
260 b' 1
261 b' 0
262 b' 0
263 b' 1
264 b' 0
265 b 0
266 b 0
267 b' 0
268 b' 1
269 b 0
270 b 0
271 b' 1
272 b 0
273 b' 1
274 b' 0
275 b' 0
276 b 0
277 b 0
278 b' 1
279 b' 0
280 b' 0
281 b' 1
282 b' 1
283 b' 0
284 b 0
285 b 0
286 b' 1
287 b 0
288 b 0
289 b' 0
290 b' 0
291 b 0
292 b' 0
293 b 0
294 b 0
295 b 0
296 b 0
297 b' 0
298 b 0
299 b' 0
300 b' 1
301 b' 0
302 b 0
303 b 0
304 b 0
305 b 0
306 b 0
307 b' 1
308 b 0
309 b 0
310 b 0
311 b 0
312 b' 1
313 b 0
314 b 0
315 b' 1
316 b 0
317 b' 1
318 b' 1
319 b' 1
320 b' 1
321 b' 0
322 b 0
323 b' 1
324 b 0
325 b' 1
326 b 0
327 b 0
328 b 0
329 b' 1
330 b' 1
331 b 0
332 b 0
333 b' 1
334 b 0
335 b 0
336 b 0
337 b 0
338 b 0
339 b 0
340 b' 0
341 b' 0
342 b' 0
343 b 0
344 b' 1
345 b 0
346 b 0
347 b 0
348 b' 1
349 b' 1
350 b 0
351 b 0
352 b 0
353 b' 0
354 b' 1
355 b 0
356 b 0
357 b' 0
358 b 0
359 b 0
360 b 0
361 b 0
362 b' 0
363 b' 0
364 b' 0
365 b' 1
366 b' 1
367 b' 1
368 b 0
369 b 0
370 b 0
371 b 0
372 b 0
373 b' 0
374 b 0
375 b' 0
376 b 0
377 b' 0
378 b 0
379 b 0
380 b' 1
381 b 0
382 b 0
383 b 0
384 b' 1
385 b' 1
386 b 0
387 b' 1
388 b' 0
389 b 0
390 b' 1
391 b' 0
392 b' 0
393 b 0
394 b 0
395 b 0
396 b 0
397 b 0
398 b' 1
399 b 0
400 b 0
401 b 0
402 b 0
403 b' 1
404 b' 1
405 b 0
406 b' 0
407 b' 0
408 b' 1
409 b 0
410 b' 1
411 b' 0
412 b' 1
413 b' 1
414 b' 0
415 b' 0
416 b 0
417 b' 1
418 b 0
419 b 0
420 b 0
421 b' 0
422 b 0
423 b 0
424 b 0
425 b' 1
426 b' 1
427 b 0
428 b' 1
429 b 0
430 b' 1
431 b' 0
432 b 0
433 b' 1
434 b 0
435 b 0
436 b' 1
437 b 0
438 b' 1
439 b 0
440 b 0
441 b' 0
442 b' 0
443 b 0
444 b' 1
445 b' 1
446 b' 1
447 b' 0
448 b' 1
449 b' 0
450 b 0
451 b 0
452 b 0
453 b 0
454 b' 1
455 b 0
456 b 0
457 b 0
458 b' 1
459 b' 0
460 b' 1
461 b' 0
462 b' 0
463 b' 0
464 b 0
465 b' 1
466 b 0
467 b' 1
468 b' 0
469 b 0
470 b 0
471 b' 0
472 b 0
473 b 0
474 b 0
475 b 0
476 b 0
477 b' 1
478 b 0
479 b' 1
480 b' 1
481 b 0
482 b 0
483 b' 1
484 b' 1
485 b' 1
486 b' 0
487 b 0
488 b' 0
489 b' 1
490 b 0
491 b 0
492 b' 0
493 b' 1
494 b' 1
495 b' 1
496 b 0
497 b 0
498 b 0
499 b 0
500 b 0
501 b' 0
502 b' 0
503 b 0
504 b 0
505 b' 0
506 b' 0
507 b 0
508 b' 1
509 b 0
510 b' 1
511 b' 1
512 b' 1
513 b 0
514 b 0
515 b 0
516 b 0
517 b' 0
518 b 0
519 b 0
520 b 0
521 b 0
522 b 0
523 b' 0
524 b 0
525 b' 1
526 b' 1
527 b 0
528 b 0
529 b' 0
530 b' 1
531 b' 1
532 b' 1
533 b 0
534 b' 0
535 b 0
536 b 0
537 b 0
538 b 0
539 b 0
540 b 0
541 b' 1
542 b' 0
543 b' 0
544 b 0
545 b 0
546 b 0
547 b' 1
548 b 0
549 b' 1
550 b' 1
551 b' 1
552 b' 0
553 b' 0
554 b 0
555 b' 0
556 b 0
557 b' 0
558 b 0
559 b 0
560 b' 0
561 b 0
562 b 0
563 b 0
564 b' 0
565 b' 0
566 b' 1
567 b' 1
568 b' 0
569 b' 0
570 b' 0
571 b 0
572 b 0
573 b 0
574 b 0
575 b' 0
576 b' 0
577 b 0
578 b' 1
579 b' 0
580 b 0
581 b 0
582 b' 0
583 b 0
584 b 0
585 b 0
586 b 0
587 b 0
588 b 0
589 b' 0
590 b' 0
591 b' 0
592 b' 0
593 b' 1
594 b 0
595 b' 1
596 b' 1
597 b 0
598 b 0
599 b 0
600 b' 1
601 b 0
602 b 0
603 b' 0
604 b' 1
605 b 0
606 b' 1
607 b' 0
608 b 0
609 b' 0
610 b' 1
611 b 0
612 b' 1
613 b' 0
614 b 0
615 b' 1
616 b' 1
617 b 0
618 b' 1
619 b 0
620 b 0
621 b 0
622 b 0
623 b' 0
624 b' 1
625 b' 0
626 b' 1
627 b' 1
628 b 0
629 b' 0
630 b' 0
631 b 0
632 b 0
633 b' 0
634 b 0
635 b' 1
636 b' 1
637 b 0
638 b 0
639 b 0
640 b' 1
641 b 0
642 b' 1
643 b 0
644 b' 0
645 b 0
646 b' 0
647 b' 0
648 b' 1
649 b' 1
650 b' 1
651 b' 1
652 b' 1
653 b' 0
654 b 0
655 b 0
656 b 0
657 b' 0
658 b' 1
659 b' 1
660 b' 0
661 b 0
662 b 0
663 b' 0
664 b 0
665 b' 1
666 b 0
667 b' 1
668 b 0
669 b 0
670 b' 1
671 b 0
672 b' 1
673 b 0
674 b 0
675 b 0
676 b 0
677 b 0
678 b 0
679 b 0
680 b 0
681 b' 0
682 b' 0
683 b 0
684 b' 1
685 b 0
686 b 0
687 b 0
688 b' 0
689 b 0
690 b' 0
691 b' 1
692 b 0
693 b' 0
694 b 0
695 b 0
696 b' 0
697 b 0
698 b 0
699 b 0
700 b 0
701 b' 0
702 b' 0
703 b' 1
704 b 0
705 b 0
706 b' 0
707 b 0
708 b 0
709 b' 1
710 b' 1
711 b 0
712 b' 0
713 b' 0
714 b 0
715 b' 1
716 b 0
717 b' 0
718 b' 1
719 b 0
720 b 0
721 b 0
722 b 0
723 b 0
724 b 0
725 b 0
726 b 0
727 b 0
728 b' 1
729 b' 1
730 b 0
731 b 0
732 b' 1
733 b 0
734 b' 0
735 b' 1
736 b' 1
737 b 0
738 b' 1
739 b' 1
740 b' 1
741 b 0
742 b' 1
743 b' 0
744 b' 1
745 b 0
746 b 0
747 b 0
748 b 0
749 b' 0
750 b 0
751 b 0
752 b' 0
753 b' 1
754 b 0
755 b' 1
756 b' 0
757 b' 1
758 b 0
759 b' 0
760 b' 1
761 b' 0
762 b 0
763 b' 0
764 b 0
765 b' 1
766 b 0
767 b' 0
768 b 0
769 b' 0
770 b' 0
771 b 0
772 b' 0
773 b 0
774 b' 1
775 b' 0
776 b 0
777 b 0
778 b 0
779 b 0
780 b 0
781 b' 0
782 b 0
783 b 0
784 b' 1
785 b 0
786 b 0
787 b' 0
788 b' 1
789 b 0
790 b' 1
791 b 0
792 b' 1
793 b 0
794 b 0
795 b 0
796 b' 1
797 b' 1
798 b' 1
799 b 0
800 b' 1
801 b 0
802 b' 0
803 b' 1
804 b 0
805 b 0
806 b' 1
807 b' 0
808 b 0
809 b 0
810 b' 1
811 b' 0
812 b 0
813 b 0
814 b' 0
815 b' 0
816 b 0
817 b 0
818 b' 0
819 b 0
820 b 0
821 b' 1
822 b 0
823 b 0
824 b 0
825 b 0
826 b' 1
827 b' 0
828 b' 1
829 b' 1
830 b 0
831 b' 1
832 b' 1
833 b 0
834 b' 0
835 b 0
836 b 0
837 b 0
838 b 0
839 b' 0
840 b 0
841 b 0
842 b 0
843 b' 0
844 b 0
845 b' 1
846 b 0
847 b 0
848 b' 0
849 b 0
850 b' 1
851 b 0
852 b 0
853 b 0
854 b' 0
855 b 0
856 b' 0
857 b 0
858 b' 1
859 b' 0
860 b 0
861 b 0
862 b' 1
863 b' 1
864 b 0
865 b 0
866 b' 1
867 b 0
868 b' 0
869 b' 0
870 b 0
871 b' 1
872 b 0
873 b' 1
874 b 0
875 b 0
876 b 0
877 b 0
878 b' 0
879 b 0
880 b' 1
881 b 0
882 b 0
883 b 0
884 b' 0
885 b 0
886 b' 0
887 b' 0
888 b 0
889 b' 1
890 b' 1
891 b 0
892 b' 1
893 b 0
894 b' 0
895 b' 0
896 b 0
897 b' 1
898 b 0
899 b' 1
900 b 0
901 b 0
902 b 0
903 b 0
904 b' 0
905 b' 1
906 b' 0
907 b' 0
908 b 0
909 b 0
910 b' 1
911 b' 1
912 b 0
913 b' 0
914 b' 1
915 b 0
916 b 0
917 b' 1
918 b 0
919 b 0
920 b' 1
921 b 0
922 b 0
923 b' 0
924 b 0
925 b' 0
926 b' 1
927 b 0
928 b' 1
929 b 0
930 b' 1
931 b 0
932 b 0
933 b 0
934 b' 1
935 b 0
936 b 0
937 b' 1
938 b 0
939 b' 0
940 b 0
941 b' 0
942 b' 1
943 b 0
944 b' 1
945 b' 1
946 b 0
947 b' 0
948 b 0
949 b 0
950 b 0
951 b 0
952 b' 0
953 b' 1
954 b' 1
955 b 0
956 b 0
957 b' 0
958 b 0
959 b 0
960 b 0
961 b 0
962 b 0
963 b' 1
964 b' 0
965 b' 0
966 b' 0
967 b' 1
968 b 0
969 b 0
970 b 0
971 b' 0
972 b' 0
973 b 0
974 b 0
975 b' 1
976 b' 0
977 b' 1
978 b 0
979 b 0
980 b 0
981 b 0
982 b 0
983 b 0
984 b' 0
985 b 0
986 b' 1
987 b' 0
988 b' 0
989 b' 0
990 b 0
991 b' 1
992 b' 1
993 b 0
994 b' 0
995 b' 0
996 b 0
997 b' 1
998 b' 0
999 b' 1
